build/app/intermediates/manifest_merge_blame_file/release/manifest-merger-blame-release-report.txt
1<?xml version="1.0" encoding="utf-8"?>
2<manifest xmlns:android="http://schemas.android.com/apk/res/android"
3    package="com.gautamsolar.logistic"
4    android:versionCode="1"
5    android:versionName="1.0.0" >
6
7    <uses-sdk
8        android:minSdkVersion="23"
8-->src\main\AndroidManifest.xml
9        android:targetSdkVersion="33" />
9-->src\main\AndroidManifest.xml
10
11    <uses-permission android:name="android.permission.INTERNET" />
11-->src\main\AndroidManifest.xml:3:2-64
11-->src\main\AndroidManifest.xml:3:19-61
12    <uses-permission android:name="android.permission.ACCESS_FINE_LOCATION" />
12-->src\main\AndroidManifest.xml:4:5-79
12-->src\main\AndroidManifest.xml:4:22-76
13    <uses-permission android:name="android.permission.ACCESS_COARSE_LOCATION" />
13-->src\main\AndroidManifest.xml:5:5-81
13-->src\main\AndroidManifest.xml:5:22-78
14    <uses-permission
14-->src\main\AndroidManifest.xml:6:5-80
15        android:name="android.permission.READ_EXTERNAL_STORAGE"
15-->src\main\AndroidManifest.xml:6:22-77
16        android:maxSdkVersion="32" />
16-->[:file_picker] AndroidManifest.xml:11:9-35
17    <uses-permission android:name="android.permission.WRITE_EXTERNAL_STORAGE" />
17-->src\main\AndroidManifest.xml:7:5-81
17-->src\main\AndroidManifest.xml:7:22-78
18    <uses-permission android:name="android.permission.WAKE_LOCK" />
18-->src\main\AndroidManifest.xml:8:5-67
18-->src\main\AndroidManifest.xml:8:22-65
19
20    <queries>
20-->[:file_picker] AndroidManifest.xml:13:5-19:15
21        <intent>
21-->[:file_picker] AndroidManifest.xml:14:9-18:18
22            <action android:name="android.intent.action.GET_CONTENT" />
22-->[:file_picker] AndroidManifest.xml:15:13-72
22-->[:file_picker] AndroidManifest.xml:15:21-69
23
24            <data android:mimeType="*/*" />
24-->[:file_picker] AndroidManifest.xml:17:13-44
24-->[:file_picker] AndroidManifest.xml:17:19-41
25        </intent>
26        <!-- Needs to be explicitly declared on Android R+ -->
27        <package android:name="com.google.android.apps.maps" />
27-->[com.google.android.gms:play-services-maps:18.2.0] AndroidManifest.xml:33:9-64
27-->[com.google.android.gms:play-services-maps:18.2.0] AndroidManifest.xml:33:18-61
28    </queries>
29
30    <uses-permission android:name="android.permission.CAMERA" />
30-->[:flutter_barcode_scanner] AndroidManifest.xml:9:5-65
30-->[:flutter_barcode_scanner] AndroidManifest.xml:9:22-62
31
32    <uses-feature android:name="android.hardware.camera" />
32-->[:flutter_barcode_scanner] AndroidManifest.xml:11:5-60
32-->[:flutter_barcode_scanner] AndroidManifest.xml:11:19-57
33
34    <uses-permission android:name="android.permission.FLASHLIGHT" />
34-->[:flutter_barcode_scanner] AndroidManifest.xml:13:5-69
34-->[:flutter_barcode_scanner] AndroidManifest.xml:13:22-66
35    <uses-permission android:name="android.permission.RECORD_AUDIO" />
35-->[:camera_android] AndroidManifest.xml:10:5-71
35-->[:camera_android] AndroidManifest.xml:10:22-68
36    <uses-permission android:name="android.permission.VIBRATE" />
36-->[:flutter_local_notifications] AndroidManifest.xml:9:5-66
36-->[:flutter_local_notifications] AndroidManifest.xml:9:22-63
37    <uses-permission android:name="android.permission.POST_NOTIFICATIONS" />
37-->[:flutter_local_notifications] AndroidManifest.xml:10:5-77
37-->[:flutter_local_notifications] AndroidManifest.xml:10:22-74
38    <uses-permission android:name="android.permission.ACCESS_NETWORK_STATE" />
38-->[com.google.android.gms:play-services-measurement-api:21.5.0] AndroidManifest.xml:23:5-79
38-->[com.google.android.gms:play-services-measurement-api:21.5.0] AndroidManifest.xml:23:22-76
39    <uses-permission android:name="com.google.android.gms.permission.AD_ID" />
39-->[com.google.android.gms:play-services-measurement-api:21.5.0] AndroidManifest.xml:25:5-79
39-->[com.google.android.gms:play-services-measurement-api:21.5.0] AndroidManifest.xml:25:22-76
40    <uses-permission android:name="android.permission.ACCESS_ADSERVICES_ATTRIBUTION" />
40-->[com.google.android.gms:play-services-measurement-api:21.5.0] AndroidManifest.xml:26:5-88
40-->[com.google.android.gms:play-services-measurement-api:21.5.0] AndroidManifest.xml:26:22-85
41    <uses-permission android:name="android.permission.ACCESS_ADSERVICES_AD_ID" />
41-->[com.google.android.gms:play-services-measurement-api:21.5.0] AndroidManifest.xml:27:5-82
41-->[com.google.android.gms:play-services-measurement-api:21.5.0] AndroidManifest.xml:27:22-79
42    <uses-permission android:name="com.google.android.finsky.permission.BIND_GET_INSTALL_REFERRER_SERVICE" />
42-->[com.google.android.gms:play-services-measurement:21.5.0] AndroidManifest.xml:26:5-110
42-->[com.google.android.gms:play-services-measurement:21.5.0] AndroidManifest.xml:26:22-107
43
44    <uses-feature
44-->[com.google.android.gms:play-services-maps:18.2.0] AndroidManifest.xml:26:5-28:35
45        android:glEsVersion="0x00020000"
45-->[com.google.android.gms:play-services-maps:18.2.0] AndroidManifest.xml:27:9-41
46        android:required="true" />
46-->[com.google.android.gms:play-services-maps:18.2.0] AndroidManifest.xml:28:9-32
47
48    <permission
48-->[androidx.core:core:1.10.1] AndroidManifest.xml:22:5-24:47
49        android:name="com.gautamsolar.logistic.DYNAMIC_RECEIVER_NOT_EXPORTED_PERMISSION"
49-->[androidx.core:core:1.10.1] AndroidManifest.xml:23:9-81
50        android:protectionLevel="signature" />
50-->[androidx.core:core:1.10.1] AndroidManifest.xml:24:9-44
51
52    <uses-permission android:name="com.gautamsolar.logistic.DYNAMIC_RECEIVER_NOT_EXPORTED_PERMISSION" />
52-->[androidx.core:core:1.10.1] AndroidManifest.xml:26:5-97
52-->[androidx.core:core:1.10.1] AndroidManifest.xml:26:22-94
53
54    <application
55        android:name="io.flutter.app.FlutterMultiDexApplication"
55-->src\main\AndroidManifest.xml:11:9-42
56        android:appComponentFactory="androidx.core.app.CoreComponentFactory"
56-->[androidx.core:core:1.10.1] AndroidManifest.xml:28:18-86
57        android:extractNativeLibs="false"
58        android:icon="@mipmap/ic_launcher"
58-->src\main\AndroidManifest.xml:12:9-43
59        android:label="Logistic"
59-->src\main\AndroidManifest.xml:10:9-33
60        android:largeHeap="true"
60-->[:flutter_barcode_scanner] AndroidManifest.xml:16:9-33
61        android:theme="@style/Theme.AppCompat.NoActionBar" >
61-->[:flutter_barcode_scanner] AndroidManifest.xml:17:9-59
62        <activity
62-->src\main\AndroidManifest.xml:13:9-33:20
63            android:name="com.gautamsolar.logistic.MainActivity"
63-->src\main\AndroidManifest.xml:14:13-41
64            android:configChanges="orientation|keyboardHidden|keyboard|screenSize|smallestScreenSize|locale|layoutDirection|fontScale|screenLayout|density|uiMode"
64-->src\main\AndroidManifest.xml:18:13-163
65            android:exported="true"
65-->src\main\AndroidManifest.xml:15:13-36
66            android:hardwareAccelerated="true"
66-->src\main\AndroidManifest.xml:19:13-47
67            android:launchMode="singleTop"
67-->src\main\AndroidManifest.xml:16:13-43
68            android:theme="@style/LaunchTheme"
68-->src\main\AndroidManifest.xml:17:13-47
69            android:windowSoftInputMode="adjustResize" >
69-->src\main\AndroidManifest.xml:20:13-55
70
71            <!--
72                 Specifies an Android theme to apply to this Activity as soon as
73                 the Android process has started. This theme is visible to the user
74                 while the Flutter UI initializes. After that, this theme continues
75                 to determine the Window background behind the Flutter UI.
76            -->
77            <meta-data
77-->src\main\AndroidManifest.xml:25:13-28:17
78                android:name="io.flutter.embedding.android.NormalTheme"
78-->src\main\AndroidManifest.xml:26:15-70
79                android:resource="@style/NormalTheme" />
79-->src\main\AndroidManifest.xml:27:15-52
80
81            <intent-filter>
81-->src\main\AndroidManifest.xml:29:13-32:29
82                <action android:name="android.intent.action.MAIN" />
82-->src\main\AndroidManifest.xml:30:17-68
82-->src\main\AndroidManifest.xml:30:25-66
83
84                <category android:name="android.intent.category.LAUNCHER" />
84-->src\main\AndroidManifest.xml:31:17-76
84-->src\main\AndroidManifest.xml:31:27-74
85            </intent-filter>
86        </activity>
87        <activity
87-->src\main\AndroidManifest.xml:34:1-37:63
88            android:name="com.yalantis.ucrop.UCropActivity"
88-->src\main\AndroidManifest.xml:35:9-56
89            android:screenOrientation="portrait"
89-->src\main\AndroidManifest.xml:36:5-41
90            android:theme="@style/Theme.AppCompat.Light.NoActionBar" />
90-->src\main\AndroidManifest.xml:37:5-61
91        <!--
92             Don't delete the meta-data below.
93             This is used by the Flutter tool to generate GeneratedPluginRegistrant.java
94        -->
95        <meta-data
95-->src\main\AndroidManifest.xml:40:9-42:33
96            android:name="flutterEmbedding"
96-->src\main\AndroidManifest.xml:41:13-44
97            android:value="2" />
97-->src\main\AndroidManifest.xml:42:13-30
98
99        <service
99-->[:firebase_core] AndroidManifest.xml:10:9-14:19
100            android:name="com.google.firebase.components.ComponentDiscoveryService"
100-->[:firebase_core] AndroidManifest.xml:10:18-89
101            android:directBootAware="true"
101-->[com.google.firebase:firebase-common:20.4.2] AndroidManifest.xml:32:13-43
102            android:exported="false" >
102-->[com.google.android.gms:play-services-measurement-api:21.5.0] AndroidManifest.xml:36:13-37
103            <meta-data
103-->[:firebase_core] AndroidManifest.xml:11:13-13:85
104                android:name="com.google.firebase.components:io.flutter.plugins.firebase.core.FlutterFirebaseCoreRegistrar"
104-->[:firebase_core] AndroidManifest.xml:12:17-124
105                android:value="com.google.firebase.components.ComponentRegistrar" />
105-->[:firebase_core] AndroidManifest.xml:13:17-82
106            <meta-data
106-->[com.google.android.gms:play-services-measurement-api:21.5.0] AndroidManifest.xml:37:13-39:85
107                android:name="com.google.firebase.components:com.google.firebase.analytics.connector.internal.AnalyticsConnectorRegistrar"
107-->[com.google.android.gms:play-services-measurement-api:21.5.0] AndroidManifest.xml:38:17-139
108                android:value="com.google.firebase.components.ComponentRegistrar" />
108-->[com.google.android.gms:play-services-measurement-api:21.5.0] AndroidManifest.xml:39:17-82
109            <meta-data
109-->[com.google.firebase:firebase-installations:17.2.0] AndroidManifest.xml:15:13-17:85
110                android:name="com.google.firebase.components:com.google.firebase.installations.FirebaseInstallationsKtxRegistrar"
110-->[com.google.firebase:firebase-installations:17.2.0] AndroidManifest.xml:16:17-130
111                android:value="com.google.firebase.components.ComponentRegistrar" />
111-->[com.google.firebase:firebase-installations:17.2.0] AndroidManifest.xml:17:17-82
112            <meta-data
112-->[com.google.firebase:firebase-installations:17.2.0] AndroidManifest.xml:18:13-20:85
113                android:name="com.google.firebase.components:com.google.firebase.installations.FirebaseInstallationsRegistrar"
113-->[com.google.firebase:firebase-installations:17.2.0] AndroidManifest.xml:19:17-127
114                android:value="com.google.firebase.components.ComponentRegistrar" />
114-->[com.google.firebase:firebase-installations:17.2.0] AndroidManifest.xml:20:17-82
115            <meta-data
115-->[com.google.firebase:firebase-common-ktx:20.4.2] AndroidManifest.xml:12:13-14:85
116                android:name="com.google.firebase.components:com.google.firebase.ktx.FirebaseCommonLegacyRegistrar"
116-->[com.google.firebase:firebase-common-ktx:20.4.2] AndroidManifest.xml:13:17-116
117                android:value="com.google.firebase.components.ComponentRegistrar" />
117-->[com.google.firebase:firebase-common-ktx:20.4.2] AndroidManifest.xml:14:17-82
118            <meta-data
118-->[com.google.firebase:firebase-common:20.4.2] AndroidManifest.xml:35:13-37:85
119                android:name="com.google.firebase.components:com.google.firebase.FirebaseCommonKtxRegistrar"
119-->[com.google.firebase:firebase-common:20.4.2] AndroidManifest.xml:36:17-109
120                android:value="com.google.firebase.components.ComponentRegistrar" />
120-->[com.google.firebase:firebase-common:20.4.2] AndroidManifest.xml:37:17-82
121        </service>
122        <service
122-->[:geolocator_android] AndroidManifest.xml:10:9-14:56
123            android:name="com.baseflow.geolocator.GeolocatorLocationService"
123-->[:geolocator_android] AndroidManifest.xml:11:13-77
124            android:enabled="true"
124-->[:geolocator_android] AndroidManifest.xml:12:13-35
125            android:exported="false"
125-->[:geolocator_android] AndroidManifest.xml:13:13-37
126            android:foregroundServiceType="location" />
126-->[:geolocator_android] AndroidManifest.xml:14:13-53
127
128        <activity android:name="com.amolg.flutterbarcodescanner.BarcodeCaptureActivity" />
128-->[:flutter_barcode_scanner] AndroidManifest.xml:18:9-91
128-->[:flutter_barcode_scanner] AndroidManifest.xml:18:19-88
129
130        <provider
130-->[:image_picker_android] AndroidManifest.xml:10:9-18:20
131            android:name="io.flutter.plugins.imagepicker.ImagePickerFileProvider"
131-->[:image_picker_android] AndroidManifest.xml:11:13-82
132            android:authorities="com.gautamsolar.logistic.flutter.image_provider"
132-->[:image_picker_android] AndroidManifest.xml:12:13-74
133            android:exported="false"
133-->[:image_picker_android] AndroidManifest.xml:13:13-37
134            android:grantUriPermissions="true" >
134-->[:image_picker_android] AndroidManifest.xml:14:13-47
135            <meta-data
135-->[:image_picker_android] AndroidManifest.xml:15:13-17:75
136                android:name="android.support.FILE_PROVIDER_PATHS"
136-->[:image_picker_android] AndroidManifest.xml:16:17-67
137                android:resource="@xml/flutter_image_picker_file_paths" />
137-->[:image_picker_android] AndroidManifest.xml:17:17-72
138        </provider>
139
140        <activity
140-->[:url_launcher_android] AndroidManifest.xml:10:9-13:74
141            android:name="io.flutter.plugins.urllauncher.WebViewActivity"
141-->[:url_launcher_android] AndroidManifest.xml:11:13-74
142            android:exported="false"
142-->[:url_launcher_android] AndroidManifest.xml:12:13-37
143            android:theme="@android:style/Theme.NoTitleBar.Fullscreen" />
143-->[:url_launcher_android] AndroidManifest.xml:13:13-71
144
145        <provider
145-->[:share] AndroidManifest.xml:10:9-18:20
146            android:name="io.flutter.plugins.share.ShareFileProvider"
146-->[:share] AndroidManifest.xml:11:13-70
147            android:authorities="com.gautamsolar.logistic.flutter.share_provider"
147-->[:share] AndroidManifest.xml:12:13-74
148            android:exported="false"
148-->[:share] AndroidManifest.xml:13:13-37
149            android:grantUriPermissions="true" >
149-->[:share] AndroidManifest.xml:14:13-47
150            <meta-data
150-->[:image_picker_android] AndroidManifest.xml:15:13-17:75
151                android:name="android.support.FILE_PROVIDER_PATHS"
151-->[:image_picker_android] AndroidManifest.xml:16:17-67
152                android:resource="@xml/flutter_share_file_paths" />
152-->[:image_picker_android] AndroidManifest.xml:17:17-72
153        </provider>
154
155        <property
155-->[com.google.android.gms:play-services-measurement-api:21.5.0] AndroidManifest.xml:30:9-32:61
156            android:name="android.adservices.AD_SERVICES_CONFIG"
156-->[com.google.android.gms:play-services-measurement-api:21.5.0] AndroidManifest.xml:31:13-65
157            android:resource="@xml/ga_ad_services_config" />
157-->[com.google.android.gms:play-services-measurement-api:21.5.0] AndroidManifest.xml:32:13-58
158
159        <receiver
159-->[com.google.android.gms:play-services-measurement:21.5.0] AndroidManifest.xml:29:9-33:20
160            android:name="com.google.android.gms.measurement.AppMeasurementReceiver"
160-->[com.google.android.gms:play-services-measurement:21.5.0] AndroidManifest.xml:30:13-85
161            android:enabled="true"
161-->[com.google.android.gms:play-services-measurement:21.5.0] AndroidManifest.xml:31:13-35
162            android:exported="false" >
162-->[com.google.android.gms:play-services-measurement:21.5.0] AndroidManifest.xml:32:13-37
163        </receiver>
164
165        <service
165-->[com.google.android.gms:play-services-measurement:21.5.0] AndroidManifest.xml:35:9-38:40
166            android:name="com.google.android.gms.measurement.AppMeasurementService"
166-->[com.google.android.gms:play-services-measurement:21.5.0] AndroidManifest.xml:36:13-84
167            android:enabled="true"
167-->[com.google.android.gms:play-services-measurement:21.5.0] AndroidManifest.xml:37:13-35
168            android:exported="false" />
168-->[com.google.android.gms:play-services-measurement:21.5.0] AndroidManifest.xml:38:13-37
169        <service
169-->[com.google.android.gms:play-services-measurement:21.5.0] AndroidManifest.xml:39:9-43:72
170            android:name="com.google.android.gms.measurement.AppMeasurementJobService"
170-->[com.google.android.gms:play-services-measurement:21.5.0] AndroidManifest.xml:40:13-87
171            android:enabled="true"
171-->[com.google.android.gms:play-services-measurement:21.5.0] AndroidManifest.xml:41:13-35
172            android:exported="false"
172-->[com.google.android.gms:play-services-measurement:21.5.0] AndroidManifest.xml:42:13-37
173            android:permission="android.permission.BIND_JOB_SERVICE" />
173-->[com.google.android.gms:play-services-measurement:21.5.0] AndroidManifest.xml:43:13-69
174
175        <uses-library
175-->[androidx.privacysandbox.ads:ads-adservices:1.0.0-beta05] AndroidManifest.xml:23:9-25:40
176            android:name="android.ext.adservices"
176-->[androidx.privacysandbox.ads:ads-adservices:1.0.0-beta05] AndroidManifest.xml:24:13-50
177            android:required="false" /> <!-- Needs to be explicitly declared on P+ -->
177-->[androidx.privacysandbox.ads:ads-adservices:1.0.0-beta05] AndroidManifest.xml:25:13-37
178        <uses-library
178-->[com.google.android.gms:play-services-maps:18.2.0] AndroidManifest.xml:39:9-41:40
179            android:name="org.apache.http.legacy"
179-->[com.google.android.gms:play-services-maps:18.2.0] AndroidManifest.xml:40:13-50
180            android:required="false" />
180-->[com.google.android.gms:play-services-maps:18.2.0] AndroidManifest.xml:41:13-37
181
182        <provider
182-->[com.google.firebase:firebase-common:20.4.2] AndroidManifest.xml:23:9-28:39
183            android:name="com.google.firebase.provider.FirebaseInitProvider"
183-->[com.google.firebase:firebase-common:20.4.2] AndroidManifest.xml:24:13-77
184            android:authorities="com.gautamsolar.logistic.firebaseinitprovider"
184-->[com.google.firebase:firebase-common:20.4.2] AndroidManifest.xml:25:13-72
185            android:directBootAware="true"
185-->[com.google.firebase:firebase-common:20.4.2] AndroidManifest.xml:26:13-43
186            android:exported="false"
186-->[com.google.firebase:firebase-common:20.4.2] AndroidManifest.xml:27:13-37
187            android:initOrder="100" />
187-->[com.google.firebase:firebase-common:20.4.2] AndroidManifest.xml:28:13-36
188
189        <activity
189-->[com.google.android.gms:play-services-base:18.1.0] AndroidManifest.xml:20:9-22:45
190            android:name="com.google.android.gms.common.api.GoogleApiActivity"
190-->[com.google.android.gms:play-services-base:18.1.0] AndroidManifest.xml:20:19-85
191            android:exported="false"
191-->[com.google.android.gms:play-services-base:18.1.0] AndroidManifest.xml:22:19-43
192            android:theme="@android:style/Theme.Translucent.NoTitleBar" />
192-->[com.google.android.gms:play-services-base:18.1.0] AndroidManifest.xml:21:19-78
193
194        <meta-data
194-->[com.google.android.gms:play-services-basement:18.1.0] AndroidManifest.xml:21:9-23:69
195            android:name="com.google.android.gms.version"
195-->[com.google.android.gms:play-services-basement:18.1.0] AndroidManifest.xml:22:13-58
196            android:value="@integer/google_play_services_version" />
196-->[com.google.android.gms:play-services-basement:18.1.0] AndroidManifest.xml:23:13-66
197
198        <uses-library
198-->[androidx.window:window:1.0.0-beta04] AndroidManifest.xml:25:9-27:40
199            android:name="androidx.window.extensions"
199-->[androidx.window:window:1.0.0-beta04] AndroidManifest.xml:26:13-54
200            android:required="false" />
200-->[androidx.window:window:1.0.0-beta04] AndroidManifest.xml:27:13-37
201        <uses-library
201-->[androidx.window:window:1.0.0-beta04] AndroidManifest.xml:28:9-30:40
202            android:name="androidx.window.sidecar"
202-->[androidx.window:window:1.0.0-beta04] AndroidManifest.xml:29:13-51
203            android:required="false" />
203-->[androidx.window:window:1.0.0-beta04] AndroidManifest.xml:30:13-37
204
205        <provider
205-->[androidx.profileinstaller:profileinstaller:1.3.0] AndroidManifest.xml:24:9-32:20
206            android:name="androidx.startup.InitializationProvider"
206-->[androidx.profileinstaller:profileinstaller:1.3.0] AndroidManifest.xml:25:13-67
207            android:authorities="com.gautamsolar.logistic.androidx-startup"
207-->[androidx.profileinstaller:profileinstaller:1.3.0] AndroidManifest.xml:26:13-68
208            android:exported="false" >
208-->[androidx.profileinstaller:profileinstaller:1.3.0] AndroidManifest.xml:27:13-37
209            <meta-data
209-->[androidx.profileinstaller:profileinstaller:1.3.0] AndroidManifest.xml:29:13-31:52
210                android:name="androidx.profileinstaller.ProfileInstallerInitializer"
210-->[androidx.profileinstaller:profileinstaller:1.3.0] AndroidManifest.xml:30:17-85
211                android:value="androidx.startup" />
211-->[androidx.profileinstaller:profileinstaller:1.3.0] AndroidManifest.xml:31:17-49
212        </provider>
213
214        <receiver
214-->[androidx.profileinstaller:profileinstaller:1.3.0] AndroidManifest.xml:34:9-52:20
215            android:name="androidx.profileinstaller.ProfileInstallReceiver"
215-->[androidx.profileinstaller:profileinstaller:1.3.0] AndroidManifest.xml:35:13-76
216            android:directBootAware="false"
216-->[androidx.profileinstaller:profileinstaller:1.3.0] AndroidManifest.xml:36:13-44
217            android:enabled="true"
217-->[androidx.profileinstaller:profileinstaller:1.3.0] AndroidManifest.xml:37:13-35
218            android:exported="true"
218-->[androidx.profileinstaller:profileinstaller:1.3.0] AndroidManifest.xml:38:13-36
219            android:permission="android.permission.DUMP" >
219-->[androidx.profileinstaller:profileinstaller:1.3.0] AndroidManifest.xml:39:13-57
220            <intent-filter>
220-->[androidx.profileinstaller:profileinstaller:1.3.0] AndroidManifest.xml:40:13-42:29
221                <action android:name="androidx.profileinstaller.action.INSTALL_PROFILE" />
221-->[androidx.profileinstaller:profileinstaller:1.3.0] AndroidManifest.xml:41:17-91
221-->[androidx.profileinstaller:profileinstaller:1.3.0] AndroidManifest.xml:41:25-88
222            </intent-filter>
223            <intent-filter>
223-->[androidx.profileinstaller:profileinstaller:1.3.0] AndroidManifest.xml:43:13-45:29
224                <action android:name="androidx.profileinstaller.action.SKIP_FILE" />
224-->[androidx.profileinstaller:profileinstaller:1.3.0] AndroidManifest.xml:44:17-85
224-->[androidx.profileinstaller:profileinstaller:1.3.0] AndroidManifest.xml:44:25-82
225            </intent-filter>
226            <intent-filter>
226-->[androidx.profileinstaller:profileinstaller:1.3.0] AndroidManifest.xml:46:13-48:29
227                <action android:name="androidx.profileinstaller.action.SAVE_PROFILE" />
227-->[androidx.profileinstaller:profileinstaller:1.3.0] AndroidManifest.xml:47:17-88
227-->[androidx.profileinstaller:profileinstaller:1.3.0] AndroidManifest.xml:47:25-85
228            </intent-filter>
229            <intent-filter>
229-->[androidx.profileinstaller:profileinstaller:1.3.0] AndroidManifest.xml:49:13-51:29
230                <action android:name="androidx.profileinstaller.action.BENCHMARK_OPERATION" />
230-->[androidx.profileinstaller:profileinstaller:1.3.0] AndroidManifest.xml:50:17-95
230-->[androidx.profileinstaller:profileinstaller:1.3.0] AndroidManifest.xml:50:25-92
231            </intent-filter>
232        </receiver>
233    </application>
234
235</manifest>